<?xml version="1.0" encoding="UTF-8"?>
<coverage generated="1788872887724" clover="3.2.0">
  <project timestamp="1788872887724" name="All files">
    <metrics statements="10" coveredstatements="10" conditionals="6" coveredconditionals="6" methods="6" coveredmethods="6" elements="22" coveredelements="22" complexity="0" loc="10" ncloc="10" packages="2" files="4" classes="4"/>
    <package name="Card">
      <metrics statements="1" coveredstatements="1" conditionals="2" coveredconditionals="2" methods="1" coveredmethods="1"/>
      <file name="Card.css" path="C:\Users\samyg\Desktop\OPEN CLASSROOM\projet 8 react\kasa\src\components\Card\Card.css">
        <metrics statements="0" coveredstatements="0" conditionals="0" coveredconditionals="0" methods="0" coveredmethods="0"/>
      </file>
      <file name="Card.jsx" path="C:\Users\samyg\Desktop\OPEN CLASSROOM\projet 8 react\kasa\src\components\Card\Card.jsx">
        <metrics statements="1" coveredstatements="1" conditionals="2" coveredconditionals="2" methods="1" coveredmethods="1"/>
        <line num="5" count="4" type="stmt"/>
      </file>
    </package>
    <package name="Slideshow">
      <metrics statements="9" coveredstatements="9" conditionals="4" coveredconditionals="4" methods="5" coveredmethods="5"/>
      <file name="Slideshow.css" path="C:\Users\samyg\Desktop\OPEN CLASSROOM\projet 8 react\kasa\src\components\Slideshow\Slideshow.css">
        <metrics statements="0" coveredstatements="0" conditionals="0" coveredconditionals="0" methods="0" coveredmethods="0"/>
      </file>
      <file name="Slideshow.jsx" path="C:\Users\samyg\Desktop\OPEN CLASSROOM\projet 8 react\kasa\src\components\Slideshow\Slideshow.jsx">
        <metrics statements="9" coveredstatements="9" conditionals="4" coveredconditionals="4" methods="5" coveredmethods="5"/>
        <line num="5" count="12" type="stmt"/>
        <line num="7" count="12" type="stmt"/>
        <line num="9" count="12" type="stmt"/>
        <line num="10" count="5" type="stmt"/>
        <line num="13" count="12" type="stmt"/>
        <line num="14" count="1" type="stmt"/>
        <line num="17" count="12" type="cond" truecount="2" falsecount="0"/>
        <line num="18" count="1" type="stmt"/>
        <line num="21" count="11" type="stmt"/>
      </file>
    </package>
  </project>
</coverage>
