{"C:\\Users\\samyg\\Desktop\\OPEN CLASSROOM\\projet 8 react\\kasa\\src\\components\\Card\\Card.css": {"path":"C:\\Users\\samyg\\Desktop\\OPEN CLASSROOM\\projet 8 react\\kasa\\src\\components\\Card\\Card.css","statementMap":{},"fnMap":{},"branchMap":{},"s":{},"f":{},"b":{},"meta":{"lastBranch":0,"lastFunction":0,"lastStatement":0,"seen":{},"fnNames":{}}}
,"C:\\Users\\samyg\\Desktop\\OPEN CLASSROOM\\projet 8 react\\kasa\\src\\components\\Card\\Card.jsx": {"path":"C:\\Users\\samyg\\Desktop\\OPEN CLASSROOM\\projet 8 react\\kasa\\src\\components\\Card\\Card.jsx","statementMap":{"0":{"start":{"line":5,"column":2},"end":{"line":9,"column":null}}},"fnMap":{"0":{"name":"Card","decl":{"start":{"line":4,"column":24},"end":{"line":4,"column":29}},"loc":{"start":{"line":4,"column":51},"end":{"line":11,"column":null}},"line":4}},"branchMap":{"0":{"loc":{"start":{"line":7,"column":7},"end":{"line":8,"column":7}},"type":"binary-expr","locations":[{"start":{"line":7,"column":7},"end":{"line":7,"column":16}},{"start":{"line":7,"column":16},"end":{"line":8,"column":7}}],"line":7}},"s":{"0":4},"f":{"0":4},"b":{"0":[4,3]},"meta":{"lastBranch":1,"lastFunction":1,"lastStatement":1,"seen":{"f:4:24:4:29":0,"s:5:2:9:Infinity":0,"b:7:7:7:16:7:16:8:7":0},"fnNames":{}}}
,"C:\\Users\\samyg\\Desktop\\OPEN CLASSROOM\\projet 8 react\\kasa\\src\\components\\Slideshow\\Slideshow.css": {"path":"C:\\Users\\samyg\\Desktop\\OPEN CLASSROOM\\projet 8 react\\kasa\\src\\components\\Slideshow\\Slideshow.css","statementMap":{},"fnMap":{},"branchMap":{},"s":{},"f":{},"b":{},"meta":{"lastBranch":0,"lastFunction":0,"lastStatement":0,"seen":{},"fnNames":{}}}
,"C:\\Users\\samyg\\Desktop\\OPEN CLASSROOM\\projet 8 react\\kasa\\src\\components\\Slideshow\\Slideshow.jsx": {"path":"C:\\Users\\samyg\\Desktop\\OPEN CLASSROOM\\projet 8 react\\kasa\\src\\components\\Slideshow\\Slideshow.jsx","statementMap":{"0":{"start":{"line":5,"column":42},"end":{"line":5,"column":null}},"1":{"start":{"line":7,"column":16},"end":{"line":7,"column":null}},"2":{"start":{"line":9,"column":8},"end":{"line":11,"column":null}},"3":{"start":{"line":10,"column":4},"end":{"line":10,"column":null}},"4":{"start":{"line":10,"column":21},"end":{"line":10,"column":48}},"5":{"start":{"line":13,"column":8},"end":{"line":15,"column":null}},"6":{"start":{"line":14,"column":4},"end":{"line":14,"column":null}},"7":{"start":{"line":14,"column":21},"end":{"line":14,"column":56}},"8":{"start":{"line":17,"column":2},"end":{"line":19,"column":null}},"9":{"start":{"line":18,"column":4},"end":{"line":18,"column":null}},"10":{"start":{"line":21,"column":2},"end":{"line":39,"column":null}}},"fnMap":{"0":{"name":"Slideshow","decl":{"start":{"line":4,"column":24},"end":{"line":4,"column":34}},"loc":{"start":{"line":4,"column":48},"end":{"line":41,"column":null}},"line":4},"1":{"name":"(anonymous_1)","decl":{"start":{"line":9,"column":8},"end":{"line":9,"column":23}},"loc":{"start":{"line":9,"column":23},"end":{"line":11,"column":null}},"line":9},"2":{"name":"(anonymous_2)","decl":{"start":{"line":10,"column":4},"end":{"line":10,"column":21}},"loc":{"start":{"line":10,"column":21},"end":{"line":10,"column":48}},"line":10},"3":{"name":"(anonymous_3)","decl":{"start":{"line":13,"column":8},"end":{"line":13,"column":23}},"loc":{"start":{"line":13,"column":23},"end":{"line":15,"column":null}},"line":13},"4":{"name":"(anonymous_4)","decl":{"start":{"line":14,"column":4},"end":{"line":14,"column":21}},"loc":{"start":{"line":14,"column":21},"end":{"line":14,"column":56}},"line":14}},"branchMap":{"0":{"loc":{"start":{"line":17,"column":2},"end":{"line":19,"column":null}},"type":"if","locations":[{"start":{"line":17,"column":2},"end":{"line":19,"column":null}},{"start":{},"end":{}}],"line":17},"1":{"loc":{"start":{"line":25,"column":7},"end":{"line":39,"column":null}},"type":"binary-expr","locations":[{"start":{"line":25,"column":7},"end":{"line":25,"column":null}},{"start":{"line":26,"column":8},"end":{"line":39,"column":null}}],"line":25}},"s":{"0":12,"1":12,"2":12,"3":5,"4":5,"5":12,"6":1,"7":1,"8":12,"9":1,"10":11},"f":{"0":12,"1":5,"2":5,"3":1,"4":1},"b":{"0":[1,11],"1":[11,10]},"meta":{"lastBranch":2,"lastFunction":5,"lastStatement":11,"seen":{"f:4:24:4:34":0,"s:5:42:5:Infinity":0,"s:7:16:7:Infinity":1,"s:9:8:11:Infinity":2,"f:9:8:9:23":1,"s:10:4:10:Infinity":3,"f:10:4:10:21":2,"s:10:21:10:48":4,"s:13:8:15:Infinity":5,"f:13:8:13:23":3,"s:14:4:14:Infinity":6,"f:14:4:14:21":4,"s:14:21:14:56":7,"b:17:2:19:Infinity:undefined:undefined:undefined:undefined":0,"s:17:2:19:Infinity":8,"s:18:4:18:Infinity":9,"s:21:2:39:Infinity":10,"b:25:7:25:Infinity:26:8:39:Infinity":1},"fnNames":{}}}
}
